
> lifespace-quiz@0.1.0 dev
> next dev

   ▲ Next.js 14.0.4
   - Local:        http://localhost:3000

 ✓ Ready in 28.2s
 ○ Compiling / ...
 ✓ Compiled / in 58.3s (506 modules)
 ✓ Compiled in 2.4s (254 modules)
 ○ Compiling /find-community ...
 ✓ Compiled /find-community in 580ms (495 modules)
 ○ Compiling /quiz/question-1 ...
 ✓ Compiled /quiz/question-1 in 856ms (509 modules)
 ✓ Compiled in 435ms (523 modules)
 ✓ Compiled in 477ms (523 modules)
 ✓ Compiled in 256ms (523 modules)
 ✓ Compiled in 450ms (523 modules)
 ✓ Compiled in 156ms (523 modules)
 ✓ Compiled in 182ms (523 modules)
 ✓ Compiled in 161ms (523 modules)
 ✓ Compiled in 223ms (523 modules)
 ✓ Compiled in 231ms (523 modules)
 ✓ Compiled in 242ms (523 modules)
 ✓ Compiled in 157ms (523 modules)
 ✓ Compiled in 227ms (523 modules)
 ✓ Compiled in 171ms (523 modules)
 ✓ Compiled in 198ms (523 modules)
 ✓ Compiled in 234ms (523 modules)
 ✓ Compiled in 17.6s (523 modules)
 ✓ Compiled in 845ms (523 modules)
 ✓ Compiled in 3.9s (523 modules)
 ✓ Compiled in 565ms (260 modules)
 ✓ Compiled in 1057ms (260 modules)
 ○ Compiling /not-found ...
 ✓ Compiled /not-found in 3.9s (528 modules)
 ⨯ Error: Cannot find module './470.js'
Require stack:
- /Users/lu/Cursor Ai Projects/lifespace-quiz/.next/server/webpack-runtime.js
- /Users/lu/Cursor Ai Projects/lifespace-quiz/.next/server/app/not-found.js
- /Users/lu/Cursor Ai Projects/lifespace-quiz/node_modules/next/dist/server/require.js
- /Users/lu/Cursor Ai Projects/lifespace-quiz/node_modules/next/dist/server/load-components.js
- /Users/lu/Cursor Ai Projects/lifespace-quiz/node_modules/next/dist/build/utils.js
- /Users/lu/Cursor Ai Projects/lifespace-quiz/node_modules/next/dist/server/dev/hot-middleware.js
- /Users/lu/Cursor Ai Projects/lifespace-quiz/node_modules/next/dist/server/dev/hot-reloader-webpack.js
- /Users/lu/Cursor Ai Projects/lifespace-quiz/node_modules/next/dist/server/lib/router-utils/setup-dev-bundler.js
- /Users/lu/Cursor Ai Projects/lifespace-quiz/node_modules/next/dist/server/lib/router-server.js
- /Users/lu/Cursor Ai Projects/lifespace-quiz/node_modules/next/dist/server/lib/start-server.js
    at Module._resolveFilename (node:internal/modules/cjs/loader:1144:15)
    at /Users/lu/Cursor Ai Projects/lifespace-quiz/node_modules/next/dist/server/require-hook.js:55:36
    at Module._load (node:internal/modules/cjs/loader:985:27)
    at Module.require (node:internal/modules/cjs/loader:1235:19)
    at mod.require (/Users/lu/Cursor Ai Projects/lifespace-quiz/node_modules/next/dist/server/require-hook.js:65:28)
    at require (node:internal/modules/helpers:176:18)
    at __webpack_require__.f.require (/Users/lu/Cursor Ai Projects/lifespace-quiz/.next/server/webpack-runtime.js:198:28)
    at /Users/lu/Cursor Ai Projects/lifespace-quiz/.next/server/webpack-runtime.js:111:40
    at Array.reduce (<anonymous>)
    at __webpack_require__.e (/Users/lu/Cursor Ai Projects/lifespace-quiz/.next/server/webpack-runtime.js:110:67)
    at Array.map (<anonymous>)
    at __webpack_require__.X (/Users/lu/Cursor Ai Projects/lifespace-quiz/.next/server/webpack-runtime.js:162:22)
    at /Users/lu/Cursor Ai Projects/lifespace-quiz/.next/server/app/quiz/question-1/page.js:1:9892
    at Object.<anonymous> (/Users/lu/Cursor Ai Projects/lifespace-quiz/.next/server/app/quiz/question-1/page.js:1:9937)
    at Module._compile (node:internal/modules/cjs/loader:1376:14)
    at Module._extensions..js (node:internal/modules/cjs/loader:1435:10)
    at Module.load (node:internal/modules/cjs/loader:1207:32)
    at Module._load (node:internal/modules/cjs/loader:1023:12)
    at Module.require (node:internal/modules/cjs/loader:1235:19)
    at mod.require (/Users/lu/Cursor Ai Projects/lifespace-quiz/node_modules/next/dist/server/require-hook.js:65:28)
    at require (node:internal/modules/helpers:176:18)
    at requirePage (/Users/lu/Cursor Ai Projects/lifespace-quiz/node_modules/next/dist/server/require.js:109:84)
    at /Users/lu/Cursor Ai Projects/lifespace-quiz/node_modules/next/dist/server/load-components.js:59:84
    at async loadComponentsImpl (/Users/lu/Cursor Ai Projects/lifespace-quiz/node_modules/next/dist/server/load-components.js:59:26)
    at async DevServer.findPageComponentsImpl (/Users/lu/Cursor Ai Projects/lifespace-quiz/node_modules/next/dist/server/next-server.js:671:36) {
  code: 'MODULE_NOT_FOUND',
  requireStack: [
    '/Users/lu/Cursor Ai Projects/lifespace-quiz/.next/server/webpack-runtime.js',
    '/Users/lu/Cursor Ai Projects/lifespace-quiz/.next/server/app/not-found.js',
    '/Users/lu/Cursor Ai Projects/lifespace-quiz/node_modules/next/dist/server/require.js',
    '/Users/lu/Cursor Ai Projects/lifespace-quiz/node_modules/next/dist/server/load-components.js',
    '/Users/lu/Cursor Ai Projects/lifespace-quiz/node_modules/next/dist/build/utils.js',
    '/Users/lu/Cursor Ai Projects/lifespace-quiz/node_modules/next/dist/server/dev/hot-middleware.js',
    '/Users/lu/Cursor Ai Projects/lifespace-quiz/node_modules/next/dist/server/dev/hot-reloader-webpack.js',
    '/Users/lu/Cursor Ai Projects/lifespace-quiz/node_modules/next/dist/server/lib/router-utils/setup-dev-bundler.js',
    '/Users/lu/Cursor Ai Projects/lifespace-quiz/node_modules/next/dist/server/lib/router-server.js',
    '/Users/lu/Cursor Ai Projects/lifespace-quiz/node_modules/next/dist/server/lib/start-server.js'
  ],
  page: '/quiz/question-1'
}
 ○ Compiling /_error ...
 ✓ Compiled /_error in 8.1s (673 modules)
 ⨯ Error: Cannot find module './470.js'
Require stack:
- /Users/lu/Cursor Ai Projects/lifespace-quiz/.next/server/webpack-runtime.js
- /Users/lu/Cursor Ai Projects/lifespace-quiz/.next/server/pages/_document.js
- /Users/lu/Cursor Ai Projects/lifespace-quiz/node_modules/next/dist/server/require.js
- /Users/lu/Cursor Ai Projects/lifespace-quiz/node_modules/next/dist/server/load-components.js
- /Users/lu/Cursor Ai Projects/lifespace-quiz/node_modules/next/dist/build/utils.js
- /Users/lu/Cursor Ai Projects/lifespace-quiz/node_modules/next/dist/server/dev/hot-middleware.js
- /Users/lu/Cursor Ai Projects/lifespace-quiz/node_modules/next/dist/server/dev/hot-reloader-webpack.js
- /Users/lu/Cursor Ai Projects/lifespace-quiz/node_modules/next/dist/server/lib/router-utils/setup-dev-bundler.js
- /Users/lu/Cursor Ai Projects/lifespace-quiz/node_modules/next/dist/server/lib/router-server.js
- /Users/lu/Cursor Ai Projects/lifespace-quiz/node_modules/next/dist/server/lib/start-server.js
    at Module._resolveFilename (node:internal/modules/cjs/loader:1144:15)
    at /Users/lu/Cursor Ai Projects/lifespace-quiz/node_modules/next/dist/server/require-hook.js:55:36
    at Module._load (node:internal/modules/cjs/loader:985:27)
    at Module.require (node:internal/modules/cjs/loader:1235:19)
    at mod.require (/Users/lu/Cursor Ai Projects/lifespace-quiz/node_modules/next/dist/server/require-hook.js:65:28)
    at require (node:internal/modules/helpers:176:18)
    at __webpack_require__.f.require (/Users/lu/Cursor Ai Projects/lifespace-quiz/.next/server/webpack-runtime.js:198:28)
    at /Users/lu/Cursor Ai Projects/lifespace-quiz/.next/server/webpack-runtime.js:111:40
    at Array.reduce (<anonymous>)
    at __webpack_require__.e (/Users/lu/Cursor Ai Projects/lifespace-quiz/.next/server/webpack-runtime.js:110:67)
    at Array.map (<anonymous>)
    at __webpack_require__.X (/Users/lu/Cursor Ai Projects/lifespace-quiz/.next/server/webpack-runtime.js:162:22)
    at /Users/lu/Cursor Ai Projects/lifespace-quiz/.next/server/app/quiz/question-1/page.js:1:9892
    at Object.<anonymous> (/Users/lu/Cursor Ai Projects/lifespace-quiz/.next/server/app/quiz/question-1/page.js:1:9937)
    at Module._compile (node:internal/modules/cjs/loader:1376:14)
    at Module._extensions..js (node:internal/modules/cjs/loader:1435:10)
    at Module.load (node:internal/modules/cjs/loader:1207:32)
    at Module._load (node:internal/modules/cjs/loader:1023:12)
    at Module.require (node:internal/modules/cjs/loader:1235:19)
    at mod.require (/Users/lu/Cursor Ai Projects/lifespace-quiz/node_modules/next/dist/server/require-hook.js:65:28)
    at require (node:internal/modules/helpers:176:18)
    at requirePage (/Users/lu/Cursor Ai Projects/lifespace-quiz/node_modules/next/dist/server/require.js:109:84)
    at /Users/lu/Cursor Ai Projects/lifespace-quiz/node_modules/next/dist/server/load-components.js:59:84
    at async loadComponentsImpl (/Users/lu/Cursor Ai Projects/lifespace-quiz/node_modules/next/dist/server/load-components.js:59:26)
    at async DevServer.findPageComponentsImpl (/Users/lu/Cursor Ai Projects/lifespace-quiz/node_modules/next/dist/server/next-server.js:671:36) {
  code: 'MODULE_NOT_FOUND',
  requireStack: [
    '/Users/lu/Cursor Ai Projects/lifespace-quiz/.next/server/webpack-runtime.js',
    '/Users/lu/Cursor Ai Projects/lifespace-quiz/.next/server/pages/_document.js',
    '/Users/lu/Cursor Ai Projects/lifespace-quiz/node_modules/next/dist/server/require.js',
    '/Users/lu/Cursor Ai Projects/lifespace-quiz/node_modules/next/dist/server/load-components.js',
    '/Users/lu/Cursor Ai Projects/lifespace-quiz/node_modules/next/dist/build/utils.js',
    '/Users/lu/Cursor Ai Projects/lifespace-quiz/node_modules/next/dist/server/dev/hot-middleware.js',
    '/Users/lu/Cursor Ai Projects/lifespace-quiz/node_modules/next/dist/server/dev/hot-reloader-webpack.js',
    '/Users/lu/Cursor Ai Projects/lifespace-quiz/node_modules/next/dist/server/lib/router-utils/setup-dev-bundler.js',
    '/Users/lu/Cursor Ai Projects/lifespace-quiz/node_modules/next/dist/server/lib/router-server.js',
    '/Users/lu/Cursor Ai Projects/lifespace-quiz/node_modules/next/dist/server/lib/start-server.js'
  ],
  page: '/quiz/question-1'
}
 ⨯ Error: Cannot find module './470.js'
Require stack:
- /Users/lu/Cursor Ai Projects/lifespace-quiz/.next/server/webpack-runtime.js
- /Users/lu/Cursor Ai Projects/lifespace-quiz/.next/server/pages/_document.js
- /Users/lu/Cursor Ai Projects/lifespace-quiz/node_modules/next/dist/server/require.js
- /Users/lu/Cursor Ai Projects/lifespace-quiz/node_modules/next/dist/server/load-components.js
- /Users/lu/Cursor Ai Projects/lifespace-quiz/node_modules/next/dist/build/utils.js
- /Users/lu/Cursor Ai Projects/lifespace-quiz/node_modules/next/dist/server/dev/hot-middleware.js
- /Users/lu/Cursor Ai Projects/lifespace-quiz/node_modules/next/dist/server/dev/hot-reloader-webpack.js
- /Users/lu/Cursor Ai Projects/lifespace-quiz/node_modules/next/dist/server/lib/router-utils/setup-dev-bundler.js
- /Users/lu/Cursor Ai Projects/lifespace-quiz/node_modules/next/dist/server/lib/router-server.js
- /Users/lu/Cursor Ai Projects/lifespace-quiz/node_modules/next/dist/server/lib/start-server.js
    at Module._resolveFilename (node:internal/modules/cjs/loader:1144:15)
    at /Users/lu/Cursor Ai Projects/lifespace-quiz/node_modules/next/dist/server/require-hook.js:55:36
    at Module._load (node:internal/modules/cjs/loader:985:27)
    at Module.require (node:internal/modules/cjs/loader:1235:19)
    at mod.require (/Users/lu/Cursor Ai Projects/lifespace-quiz/node_modules/next/dist/server/require-hook.js:65:28)
    at require (node:internal/modules/helpers:176:18)
    at __webpack_require__.f.require (/Users/lu/Cursor Ai Projects/lifespace-quiz/.next/server/webpack-runtime.js:198:28)
    at /Users/lu/Cursor Ai Projects/lifespace-quiz/.next/server/webpack-runtime.js:111:40
    at Array.reduce (<anonymous>)
    at __webpack_require__.e (/Users/lu/Cursor Ai Projects/lifespace-quiz/.next/server/webpack-runtime.js:110:67)
    at Array.map (<anonymous>)
    at __webpack_require__.X (/Users/lu/Cursor Ai Projects/lifespace-quiz/.next/server/webpack-runtime.js:162:22)
    at /Users/lu/Cursor Ai Projects/lifespace-quiz/.next/server/app/quiz/question-1/page.js:1:9892
    at Object.<anonymous> (/Users/lu/Cursor Ai Projects/lifespace-quiz/.next/server/app/quiz/question-1/page.js:1:9937)
    at Module._compile (node:internal/modules/cjs/loader:1376:14)
    at Module._extensions..js (node:internal/modules/cjs/loader:1435:10)
    at Module.load (node:internal/modules/cjs/loader:1207:32)
    at Module._load (node:internal/modules/cjs/loader:1023:12)
    at Module.require (node:internal/modules/cjs/loader:1235:19)
    at mod.require (/Users/lu/Cursor Ai Projects/lifespace-quiz/node_modules/next/dist/server/require-hook.js:65:28)
    at require (node:internal/modules/helpers:176:18)
    at requirePage (/Users/lu/Cursor Ai Projects/lifespace-quiz/node_modules/next/dist/server/require.js:109:84)
    at /Users/lu/Cursor Ai Projects/lifespace-quiz/node_modules/next/dist/server/load-components.js:59:84
    at async loadComponentsImpl (/Users/lu/Cursor Ai Projects/lifespace-quiz/node_modules/next/dist/server/load-components.js:59:26)
    at async DevServer.findPageComponentsImpl (/Users/lu/Cursor Ai Projects/lifespace-quiz/node_modules/next/dist/server/next-server.js:671:36) {
  code: 'MODULE_NOT_FOUND',
  requireStack: [
    '/Users/lu/Cursor Ai Projects/lifespace-quiz/.next/server/webpack-runtime.js',
    '/Users/lu/Cursor Ai Projects/lifespace-quiz/.next/server/pages/_document.js',
    '/Users/lu/Cursor Ai Projects/lifespace-quiz/node_modules/next/dist/server/require.js',
    '/Users/lu/Cursor Ai Projects/lifespace-quiz/node_modules/next/dist/server/load-components.js',
    '/Users/lu/Cursor Ai Projects/lifespace-quiz/node_modules/next/dist/build/utils.js',
    '/Users/lu/Cursor Ai Projects/lifespace-quiz/node_modules/next/dist/server/dev/hot-middleware.js',
    '/Users/lu/Cursor Ai Projects/lifespace-quiz/node_modules/next/dist/server/dev/hot-reloader-webpack.js',
    '/Users/lu/Cursor Ai Projects/lifespace-quiz/node_modules/next/dist/server/lib/router-utils/setup-dev-bundler.js',
    '/Users/lu/Cursor Ai Projects/lifespace-quiz/node_modules/next/dist/server/lib/router-server.js',
    '/Users/lu/Cursor Ai Projects/lifespace-quiz/node_modules/next/dist/server/lib/start-server.js'
  ],
  page: '/quiz/question-1'
}
 ⨯ Error: Cannot find module './470.js'
Require stack:
- /Users/lu/Cursor Ai Projects/lifespace-quiz/.next/server/webpack-runtime.js
- /Users/lu/Cursor Ai Projects/lifespace-quiz/.next/server/pages/_document.js
- /Users/lu/Cursor Ai Projects/lifespace-quiz/node_modules/next/dist/server/require.js
- /Users/lu/Cursor Ai Projects/lifespace-quiz/node_modules/next/dist/server/load-components.js
- /Users/lu/Cursor Ai Projects/lifespace-quiz/node_modules/next/dist/build/utils.js
- /Users/lu/Cursor Ai Projects/lifespace-quiz/node_modules/next/dist/server/dev/hot-middleware.js
- /Users/lu/Cursor Ai Projects/lifespace-quiz/node_modules/next/dist/server/dev/hot-reloader-webpack.js
- /Users/lu/Cursor Ai Projects/lifespace-quiz/node_modules/next/dist/server/lib/router-utils/setup-dev-bundler.js
- /Users/lu/Cursor Ai Projects/lifespace-quiz/node_modules/next/dist/server/lib/router-server.js
- /Users/lu/Cursor Ai Projects/lifespace-quiz/node_modules/next/dist/server/lib/start-server.js
    at Module._resolveFilename (node:internal/modules/cjs/loader:1144:15)
    at /Users/lu/Cursor Ai Projects/lifespace-quiz/node_modules/next/dist/server/require-hook.js:55:36
    at Module._load (node:internal/modules/cjs/loader:985:27)
    at Module.require (node:internal/modules/cjs/loader:1235:19)
    at mod.require (/Users/lu/Cursor Ai Projects/lifespace-quiz/node_modules/next/dist/server/require-hook.js:65:28)
    at require (node:internal/modules/helpers:176:18)
    at __webpack_require__.f.require (/Users/lu/Cursor Ai Projects/lifespace-quiz/.next/server/webpack-runtime.js:198:28)
    at /Users/lu/Cursor Ai Projects/lifespace-quiz/.next/server/webpack-runtime.js:111:40
    at Array.reduce (<anonymous>)
    at __webpack_require__.e (/Users/lu/Cursor Ai Projects/lifespace-quiz/.next/server/webpack-runtime.js:110:67)
    at Array.map (<anonymous>)
    at __webpack_require__.X (/Users/lu/Cursor Ai Projects/lifespace-quiz/.next/server/webpack-runtime.js:162:22)
    at /Users/lu/Cursor Ai Projects/lifespace-quiz/.next/server/app/quiz/question-1/page.js:1:9892
    at Object.<anonymous> (/Users/lu/Cursor Ai Projects/lifespace-quiz/.next/server/app/quiz/question-1/page.js:1:9937)
    at Module._compile (node:internal/modules/cjs/loader:1376:14)
    at Module._extensions..js (node:internal/modules/cjs/loader:1435:10)
    at Module.load (node:internal/modules/cjs/loader:1207:32)
    at Module._load (node:internal/modules/cjs/loader:1023:12)
    at Module.require (node:internal/modules/cjs/loader:1235:19)
    at mod.require (/Users/lu/Cursor Ai Projects/lifespace-quiz/node_modules/next/dist/server/require-hook.js:65:28)
    at require (node:internal/modules/helpers:176:18)
    at requirePage (/Users/lu/Cursor Ai Projects/lifespace-quiz/node_modules/next/dist/server/require.js:109:84)
    at /Users/lu/Cursor Ai Projects/lifespace-quiz/node_modules/next/dist/server/load-components.js:59:84
    at async loadComponentsImpl (/Users/lu/Cursor Ai Projects/lifespace-quiz/node_modules/next/dist/server/load-components.js:59:26)
    at async DevServer.findPageComponentsImpl (/Users/lu/Cursor Ai Projects/lifespace-quiz/node_modules/next/dist/server/next-server.js:671:36) {
  code: 'MODULE_NOT_FOUND',
  requireStack: [
    '/Users/lu/Cursor Ai Projects/lifespace-quiz/.next/server/webpack-runtime.js',
    '/Users/lu/Cursor Ai Projects/lifespace-quiz/.next/server/pages/_document.js',
    '/Users/lu/Cursor Ai Projects/lifespace-quiz/node_modules/next/dist/server/require.js',
    '/Users/lu/Cursor Ai Projects/lifespace-quiz/node_modules/next/dist/server/load-components.js',
    '/Users/lu/Cursor Ai Projects/lifespace-quiz/node_modules/next/dist/build/utils.js',
    '/Users/lu/Cursor Ai Projects/lifespace-quiz/node_modules/next/dist/server/dev/hot-middleware.js',
    '/Users/lu/Cursor Ai Projects/lifespace-quiz/node_modules/next/dist/server/dev/hot-reloader-webpack.js',
    '/Users/lu/Cursor Ai Projects/lifespace-quiz/node_modules/next/dist/server/lib/router-utils/setup-dev-bundler.js',
    '/Users/lu/Cursor Ai Projects/lifespace-quiz/node_modules/next/dist/server/lib/router-server.js',
    '/Users/lu/Cursor Ai Projects/lifespace-quiz/node_modules/next/dist/server/lib/start-server.js'
  ],
  page: '/quiz/question-1'
}
 ⚠ Found a change in next.config.js. Restarting the server to apply the changes...
   ▲ Next.js 14.0.4
   - Local:        http://localhost:3000

 ✓ Ready in 61.5s
 ○ Compiling /quiz/question-1 ...
 ✓ Compiled /quiz/question-1 in 49.7s (508 modules)
TypeError: Cannot read properties of undefined (reading 'call')
    at t (/Users/lu/Cursor Ai Projects/lifespace-quiz/.next/server/webpack-runtime.js:1:128)
    at F (/Users/lu/Cursor Ai Projects/lifespace-quiz/node_modules/next/dist/compiled/next-server/app-page.runtime.prod.js:12:91937)
    at /Users/lu/Cursor Ai Projects/lifespace-quiz/node_modules/next/dist/compiled/next-server/app-page.runtime.prod.js:12:94352
    at W._fromJSON (/Users/lu/Cursor Ai Projects/lifespace-quiz/node_modules/next/dist/compiled/next-server/app-page.runtime.prod.js:12:94790)
    at JSON.parse (<anonymous>)
    at N (/Users/lu/Cursor Ai Projects/lifespace-quiz/node_modules/next/dist/compiled/next-server/app-page.runtime.prod.js:12:91658)
    at $ (/Users/lu/Cursor Ai Projects/lifespace-quiz/node_modules/next/dist/compiled/next-server/app-page.runtime.prod.js:12:90455)
    at n$ (/Users/lu/Cursor Ai Projects/lifespace-quiz/node_modules/next/dist/compiled/next-server/app-page.runtime.prod.js:12:62192)
    at nE (/Users/lu/Cursor Ai Projects/lifespace-quiz/node_modules/next/dist/compiled/next-server/app-page.runtime.prod.js:12:44877)
    at nP (/Users/lu/Cursor Ai Projects/lifespace-quiz/node_modules/next/dist/compiled/next-server/app-page.runtime.prod.js:12:45472)
    at n$ (/Users/lu/Cursor Ai Projects/lifespace-quiz/node_modules/next/dist/compiled/next-server/app-page.runtime.prod.js:12:61978)
    at nB (/Users/lu/Cursor Ai Projects/lifespace-quiz/node_modules/next/dist/compiled/next-server/app-page.runtime.prod.js:12:69130)
    at Timeout._onTimeout (/Users/lu/Cursor Ai Projects/lifespace-quiz/node_modules/next/dist/compiled/next-server/app-page.runtime.prod.js:12:42648)
    at listOnTimeout (node:internal/timers:573:17)
    at process.processTimers (node:internal/timers:514:7)
 ⨯ TypeError: Cannot read properties of undefined (reading 'call')
    at t (/Users/lu/Cursor Ai Projects/lifespace-quiz/.next/server/webpack-runtime.js:1:128)
    at JSON.parse (<anonymous>)
 ⨯ TypeError: Cannot read properties of undefined (reading 'call')
    at t (/Users/lu/Cursor Ai Projects/lifespace-quiz/.next/server/webpack-runtime.js:1:128)
    at F (/Users/lu/Cursor Ai Projects/lifespace-quiz/node_modules/next/dist/compiled/next-server/app-page.runtime.prod.js:12:91937)
    at /Users/lu/Cursor Ai Projects/lifespace-quiz/node_modules/next/dist/compiled/next-server/app-page.runtime.prod.js:12:94352
    at W._fromJSON (/Users/lu/Cursor Ai Projects/lifespace-quiz/node_modules/next/dist/compiled/next-server/app-page.runtime.prod.js:12:94790)
    at JSON.parse (<anonymous>)
    at N (/Users/lu/Cursor Ai Projects/lifespace-quiz/node_modules/next/dist/compiled/next-server/app-page.runtime.prod.js:12:91658)
    at $ (/Users/lu/Cursor Ai Projects/lifespace-quiz/node_modules/next/dist/compiled/next-server/app-page.runtime.prod.js:12:90455)
    at n$ (/Users/lu/Cursor Ai Projects/lifespace-quiz/node_modules/next/dist/compiled/next-server/app-page.runtime.prod.js:12:62192)
    at nE (/Users/lu/Cursor Ai Projects/lifespace-quiz/node_modules/next/dist/compiled/next-server/app-page.runtime.prod.js:12:44877)
    at nP (/Users/lu/Cursor Ai Projects/lifespace-quiz/node_modules/next/dist/compiled/next-server/app-page.runtime.prod.js:12:45472)
    at n$ (/Users/lu/Cursor Ai Projects/lifespace-quiz/node_modules/next/dist/compiled/next-server/app-page.runtime.prod.js:12:61978)
    at nB (/Users/lu/Cursor Ai Projects/lifespace-quiz/node_modules/next/dist/compiled/next-server/app-page.runtime.prod.js:12:69130)
    at Timeout._onTimeout (/Users/lu/Cursor Ai Projects/lifespace-quiz/node_modules/next/dist/compiled/next-server/app-page.runtime.prod.js:12:42648)
    at listOnTimeout (node:internal/timers:573:17)
    at process.processTimers (node:internal/timers:514:7) {
  page: '/quiz/question-1'
}
 ○ Compiling /_error ...
 ✓ Compiled /_error in 5.4s (653 modules)
 ⚠ Fast Refresh had to perform a full reload. Read more: https://nextjs.org/docs/messages/fast-refresh-reload
 ⨯ Error: Cannot find module './470.js'
Require stack:
- /Users/lu/Cursor Ai Projects/lifespace-quiz/.next/server/webpack-runtime.js
- /Users/lu/Cursor Ai Projects/lifespace-quiz/.next/server/pages/_document.js
- /Users/lu/Cursor Ai Projects/lifespace-quiz/node_modules/next/dist/server/require.js
- /Users/lu/Cursor Ai Projects/lifespace-quiz/node_modules/next/dist/server/load-components.js
- /Users/lu/Cursor Ai Projects/lifespace-quiz/node_modules/next/dist/build/utils.js
- /Users/lu/Cursor Ai Projects/lifespace-quiz/node_modules/next/dist/server/dev/hot-middleware.js
- /Users/lu/Cursor Ai Projects/lifespace-quiz/node_modules/next/dist/server/dev/hot-reloader-webpack.js
- /Users/lu/Cursor Ai Projects/lifespace-quiz/node_modules/next/dist/server/lib/router-utils/setup-dev-bundler.js
- /Users/lu/Cursor Ai Projects/lifespace-quiz/node_modules/next/dist/server/lib/router-server.js
- /Users/lu/Cursor Ai Projects/lifespace-quiz/node_modules/next/dist/server/lib/start-server.js
    at Module._resolveFilename (node:internal/modules/cjs/loader:1144:15)
    at /Users/lu/Cursor Ai Projects/lifespace-quiz/node_modules/next/dist/server/require-hook.js:55:36
    at Module._load (node:internal/modules/cjs/loader:985:27)
    at Module.require (node:internal/modules/cjs/loader:1235:19)
    at mod.require (/Users/lu/Cursor Ai Projects/lifespace-quiz/node_modules/next/dist/server/require-hook.js:65:28)
    at require (node:internal/modules/helpers:176:18)
    at __webpack_require__.f.require (/Users/lu/Cursor Ai Projects/lifespace-quiz/.next/server/webpack-runtime.js:198:28)
    at /Users/lu/Cursor Ai Projects/lifespace-quiz/.next/server/webpack-runtime.js:111:40
    at Array.reduce (<anonymous>)
    at __webpack_require__.e (/Users/lu/Cursor Ai Projects/lifespace-quiz/.next/server/webpack-runtime.js:110:67)
    at Array.map (<anonymous>)
    at __webpack_require__.X (/Users/lu/Cursor Ai Projects/lifespace-quiz/.next/server/webpack-runtime.js:162:22)
    at /Users/lu/Cursor Ai Projects/lifespace-quiz/.next/server/app/quiz/question-1/page.js:1:9892
    at Object.<anonymous> (/Users/lu/Cursor Ai Projects/lifespace-quiz/.next/server/app/quiz/question-1/page.js:1:9937)
    at Module._compile (node:internal/modules/cjs/loader:1376:14)
    at Module._extensions..js (node:internal/modules/cjs/loader:1435:10)
    at Module.load (node:internal/modules/cjs/loader:1207:32)
    at Module._load (node:internal/modules/cjs/loader:1023:12)
    at Module.require (node:internal/modules/cjs/loader:1235:19)
    at mod.require (/Users/lu/Cursor Ai Projects/lifespace-quiz/node_modules/next/dist/server/require-hook.js:65:28)
    at require (node:internal/modules/helpers:176:18)
    at requirePage (/Users/lu/Cursor Ai Projects/lifespace-quiz/node_modules/next/dist/server/require.js:109:84)
    at /Users/lu/Cursor Ai Projects/lifespace-quiz/node_modules/next/dist/server/load-components.js:59:84
    at async loadComponentsImpl (/Users/lu/Cursor Ai Projects/lifespace-quiz/node_modules/next/dist/server/load-components.js:59:26)
    at async DevServer.findPageComponentsImpl (/Users/lu/Cursor Ai Projects/lifespace-quiz/node_modules/next/dist/server/next-server.js:671:36) {
  code: 'MODULE_NOT_FOUND',
  requireStack: [
    '/Users/lu/Cursor Ai Projects/lifespace-quiz/.next/server/webpack-runtime.js',
    '/Users/lu/Cursor Ai Projects/lifespace-quiz/.next/server/pages/_document.js',
    '/Users/lu/Cursor Ai Projects/lifespace-quiz/node_modules/next/dist/server/require.js',
    '/Users/lu/Cursor Ai Projects/lifespace-quiz/node_modules/next/dist/server/load-components.js',
    '/Users/lu/Cursor Ai Projects/lifespace-quiz/node_modules/next/dist/build/utils.js',
    '/Users/lu/Cursor Ai Projects/lifespace-quiz/node_modules/next/dist/server/dev/hot-middleware.js',
    '/Users/lu/Cursor Ai Projects/lifespace-quiz/node_modules/next/dist/server/dev/hot-reloader-webpack.js',
    '/Users/lu/Cursor Ai Projects/lifespace-quiz/node_modules/next/dist/server/lib/router-utils/setup-dev-bundler.js',
    '/Users/lu/Cursor Ai Projects/lifespace-quiz/node_modules/next/dist/server/lib/router-server.js',
    '/Users/lu/Cursor Ai Projects/lifespace-quiz/node_modules/next/dist/server/lib/start-server.js'
  ],
  page: '/quiz/question-1'
}
 ⨯ Error: Cannot find module './470.js'
Require stack:
- /Users/lu/Cursor Ai Projects/lifespace-quiz/.next/server/webpack-runtime.js
- /Users/lu/Cursor Ai Projects/lifespace-quiz/.next/server/pages/_document.js
- /Users/lu/Cursor Ai Projects/lifespace-quiz/node_modules/next/dist/server/require.js
- /Users/lu/Cursor Ai Projects/lifespace-quiz/node_modules/next/dist/server/load-components.js
- /Users/lu/Cursor Ai Projects/lifespace-quiz/node_modules/next/dist/build/utils.js
- /Users/lu/Cursor Ai Projects/lifespace-quiz/node_modules/next/dist/server/dev/hot-middleware.js
- /Users/lu/Cursor Ai Projects/lifespace-quiz/node_modules/next/dist/server/dev/hot-reloader-webpack.js
- /Users/lu/Cursor Ai Projects/lifespace-quiz/node_modules/next/dist/server/lib/router-utils/setup-dev-bundler.js
- /Users/lu/Cursor Ai Projects/lifespace-quiz/node_modules/next/dist/server/lib/router-server.js
- /Users/lu/Cursor Ai Projects/lifespace-quiz/node_modules/next/dist/server/lib/start-server.js
    at Module._resolveFilename (node:internal/modules/cjs/loader:1144:15)
    at /Users/lu/Cursor Ai Projects/lifespace-quiz/node_modules/next/dist/server/require-hook.js:55:36
    at Module._load (node:internal/modules/cjs/loader:985:27)
    at Module.require (node:internal/modules/cjs/loader:1235:19)
    at mod.require (/Users/lu/Cursor Ai Projects/lifespace-quiz/node_modules/next/dist/server/require-hook.js:65:28)
    at require (node:internal/modules/helpers:176:18)
    at __webpack_require__.f.require (/Users/lu/Cursor Ai Projects/lifespace-quiz/.next/server/webpack-runtime.js:198:28)
    at /Users/lu/Cursor Ai Projects/lifespace-quiz/.next/server/webpack-runtime.js:111:40
    at Array.reduce (<anonymous>)
    at __webpack_require__.e (/Users/lu/Cursor Ai Projects/lifespace-quiz/.next/server/webpack-runtime.js:110:67)
    at Array.map (<anonymous>)
    at __webpack_require__.X (/Users/lu/Cursor Ai Projects/lifespace-quiz/.next/server/webpack-runtime.js:162:22)
    at /Users/lu/Cursor Ai Projects/lifespace-quiz/.next/server/app/quiz/question-1/page.js:1:9892
    at Object.<anonymous> (/Users/lu/Cursor Ai Projects/lifespace-quiz/.next/server/app/quiz/question-1/page.js:1:9937)
    at Module._compile (node:internal/modules/cjs/loader:1376:14)
    at Module._extensions..js (node:internal/modules/cjs/loader:1435:10)
    at Module.load (node:internal/modules/cjs/loader:1207:32)
    at Module._load (node:internal/modules/cjs/loader:1023:12)
    at Module.require (node:internal/modules/cjs/loader:1235:19)
    at mod.require (/Users/lu/Cursor Ai Projects/lifespace-quiz/node_modules/next/dist/server/require-hook.js:65:28)
    at require (node:internal/modules/helpers:176:18)
    at requirePage (/Users/lu/Cursor Ai Projects/lifespace-quiz/node_modules/next/dist/server/require.js:109:84)
    at /Users/lu/Cursor Ai Projects/lifespace-quiz/node_modules/next/dist/server/load-components.js:59:84
    at async loadComponentsImpl (/Users/lu/Cursor Ai Projects/lifespace-quiz/node_modules/next/dist/server/load-components.js:59:26)
    at async DevServer.findPageComponentsImpl (/Users/lu/Cursor Ai Projects/lifespace-quiz/node_modules/next/dist/server/next-server.js:671:36) {
  code: 'MODULE_NOT_FOUND',
  requireStack: [
    '/Users/lu/Cursor Ai Projects/lifespace-quiz/.next/server/webpack-runtime.js',
    '/Users/lu/Cursor Ai Projects/lifespace-quiz/.next/server/pages/_document.js',
    '/Users/lu/Cursor Ai Projects/lifespace-quiz/node_modules/next/dist/server/require.js',
    '/Users/lu/Cursor Ai Projects/lifespace-quiz/node_modules/next/dist/server/load-components.js',
    '/Users/lu/Cursor Ai Projects/lifespace-quiz/node_modules/next/dist/build/utils.js',
    '/Users/lu/Cursor Ai Projects/lifespace-quiz/node_modules/next/dist/server/dev/hot-middleware.js',
    '/Users/lu/Cursor Ai Projects/lifespace-quiz/node_modules/next/dist/server/dev/hot-reloader-webpack.js',
    '/Users/lu/Cursor Ai Projects/lifespace-quiz/node_modules/next/dist/server/lib/router-utils/setup-dev-bundler.js',
    '/Users/lu/Cursor Ai Projects/lifespace-quiz/node_modules/next/dist/server/lib/router-server.js',
    '/Users/lu/Cursor Ai Projects/lifespace-quiz/node_modules/next/dist/server/lib/start-server.js'
  ],
  page: '/quiz/question-1'
}
 ⨯ Error: Cannot find module './470.js'
Require stack:
- /Users/lu/Cursor Ai Projects/lifespace-quiz/.next/server/webpack-runtime.js
- /Users/lu/Cursor Ai Projects/lifespace-quiz/.next/server/pages/_document.js
- /Users/lu/Cursor Ai Projects/lifespace-quiz/node_modules/next/dist/server/require.js
- /Users/lu/Cursor Ai Projects/lifespace-quiz/node_modules/next/dist/server/load-components.js
- /Users/lu/Cursor Ai Projects/lifespace-quiz/node_modules/next/dist/build/utils.js
- /Users/lu/Cursor Ai Projects/lifespace-quiz/node_modules/next/dist/server/dev/hot-middleware.js
- /Users/lu/Cursor Ai Projects/lifespace-quiz/node_modules/next/dist/server/dev/hot-reloader-webpack.js
- /Users/lu/Cursor Ai Projects/lifespace-quiz/node_modules/next/dist/server/lib/router-utils/setup-dev-bundler.js
- /Users/lu/Cursor Ai Projects/lifespace-quiz/node_modules/next/dist/server/lib/router-server.js
- /Users/lu/Cursor Ai Projects/lifespace-quiz/node_modules/next/dist/server/lib/start-server.js
    at Module._resolveFilename (node:internal/modules/cjs/loader:1144:15)
    at /Users/lu/Cursor Ai Projects/lifespace-quiz/node_modules/next/dist/server/require-hook.js:55:36
    at Module._load (node:internal/modules/cjs/loader:985:27)
    at Module.require (node:internal/modules/cjs/loader:1235:19)
    at mod.require (/Users/lu/Cursor Ai Projects/lifespace-quiz/node_modules/next/dist/server/require-hook.js:65:28)
    at require (node:internal/modules/helpers:176:18)
    at __webpack_require__.f.require (/Users/lu/Cursor Ai Projects/lifespace-quiz/.next/server/webpack-runtime.js:198:28)
    at /Users/lu/Cursor Ai Projects/lifespace-quiz/.next/server/webpack-runtime.js:111:40
    at Array.reduce (<anonymous>)
    at __webpack_require__.e (/Users/lu/Cursor Ai Projects/lifespace-quiz/.next/server/webpack-runtime.js:110:67)
    at Array.map (<anonymous>)
    at __webpack_require__.X (/Users/lu/Cursor Ai Projects/lifespace-quiz/.next/server/webpack-runtime.js:162:22)
    at /Users/lu/Cursor Ai Projects/lifespace-quiz/.next/server/app/quiz/question-1/page.js:1:9892
    at Object.<anonymous> (/Users/lu/Cursor Ai Projects/lifespace-quiz/.next/server/app/quiz/question-1/page.js:1:9937)
    at Module._compile (node:internal/modules/cjs/loader:1376:14)
    at Module._extensions..js (node:internal/modules/cjs/loader:1435:10)
    at Module.load (node:internal/modules/cjs/loader:1207:32)
    at Module._load (node:internal/modules/cjs/loader:1023:12)
    at Module.require (node:internal/modules/cjs/loader:1235:19)
    at mod.require (/Users/lu/Cursor Ai Projects/lifespace-quiz/node_modules/next/dist/server/require-hook.js:65:28)
    at require (node:internal/modules/helpers:176:18)
    at requirePage (/Users/lu/Cursor Ai Projects/lifespace-quiz/node_modules/next/dist/server/require.js:109:84)
    at /Users/lu/Cursor Ai Projects/lifespace-quiz/node_modules/next/dist/server/load-components.js:59:84
    at async loadComponentsImpl (/Users/lu/Cursor Ai Projects/lifespace-quiz/node_modules/next/dist/server/load-components.js:59:26)
    at async DevServer.findPageComponentsImpl (/Users/lu/Cursor Ai Projects/lifespace-quiz/node_modules/next/dist/server/next-server.js:671:36) {
  code: 'MODULE_NOT_FOUND',
  requireStack: [
    '/Users/lu/Cursor Ai Projects/lifespace-quiz/.next/server/webpack-runtime.js',
    '/Users/lu/Cursor Ai Projects/lifespace-quiz/.next/server/pages/_document.js',
    '/Users/lu/Cursor Ai Projects/lifespace-quiz/node_modules/next/dist/server/require.js',
    '/Users/lu/Cursor Ai Projects/lifespace-quiz/node_modules/next/dist/server/load-components.js',
    '/Users/lu/Cursor Ai Projects/lifespace-quiz/node_modules/next/dist/build/utils.js',
    '/Users/lu/Cursor Ai Projects/lifespace-quiz/node_modules/next/dist/server/dev/hot-middleware.js',
    '/Users/lu/Cursor Ai Projects/lifespace-quiz/node_modules/next/dist/server/dev/hot-reloader-webpack.js',
    '/Users/lu/Cursor Ai Projects/lifespace-quiz/node_modules/next/dist/server/lib/router-utils/setup-dev-bundler.js',
    '/Users/lu/Cursor Ai Projects/lifespace-quiz/node_modules/next/dist/server/lib/router-server.js',
    '/Users/lu/Cursor Ai Projects/lifespace-quiz/node_modules/next/dist/server/lib/start-server.js'
  ],
  page: '/quiz/question-1'
}
 ⚠ Found a change in next.config.js. Restarting the server to apply the changes...
   ▲ Next.js 14.0.4
   - Local:        http://localhost:3000

 ✓ Ready in 31.2s
 ○ Compiling /not-found ...
 ✓ Compiled /not-found in 20.9s (508 modules)
 ⚠ Fast Refresh had to perform a full reload. Read more: https://nextjs.org/docs/messages/fast-refresh-reload
 ✓ Compiled in 2.5s (503 modules)
 ○ Compiling / ...
 ✓ Compiled / in 2.4s (506 modules)
 ✓ Compiled /find-community in 156ms (509 modules)
 ✓ Compiled in 468ms (520 modules)
 ✓ Compiled in 183ms (520 modules)
 ✓ Compiled /quiz/question-2 in 287ms (526 modules)
 ✓ Compiled /quiz/question-3 in 152ms (518 modules)
 ✓ Compiled /quiz/question-4 in 148ms (524 modules)
 ✓ Compiled /quiz/question-5 in 169ms (530 modules)
 ✓ Compiled /quiz/question-6 in 136ms (536 modules)
 ✓ Compiled /quiz/question-7 in 184ms (542 modules)
 ○ Compiling /quiz/question-8 ...
 ✓ Compiled /quiz/question-8 in 579ms (548 modules)
 ○ Compiling /results ...
 ✓ Compiled /results in 9.7s (965 modules)
 ✓ Compiled in 1255ms (959 modules)
 ✓ Compiled in 684ms (959 modules)
 ✓ Compiled in 499ms (959 modules)
 ✓ Compiled in 373ms (959 modules)
 ✓ Compiled in 1238ms (959 modules)
 ✓ Compiled in 235ms (959 modules)
 ✓ Compiled in 5.2s (959 modules)
 ✓ Compiled in 320ms (959 modules)
 ✓ Compiled in 677ms (959 modules)
 ✓ Compiled in 209ms (959 modules)
 ✓ Compiled in 1803ms (959 modules)
 ✓ Compiled in 1629ms (959 modules)
 ✓ Compiled in 1039ms (959 modules)
 ○ Compiling /quiz/question-6 ...
 ✓ Compiled /quiz/question-6 in 2.4s (963 modules)
 ✓ Compiled /quiz/question-5 in 74ms (486 modules)
 ✓ Compiled in 1318ms (963 modules)
 ✓ Compiled in 1932ms (963 modules)
 ○ Compiling / ...
 ✓ Compiled / in 552ms (482 modules)
 ✓ Compiled /find-community in 183ms (485 modules)
 ✓ Compiled /quiz/question-1 in 317ms (489 modules)
 ✓ Compiled /quiz/question-2 in 118ms (279 modules)
 ✓ Compiled /quiz/question-3 in 151ms (283 modules)
 ✓ Compiled /quiz/question-4 in 94ms (287 modules)
 ✓ Compiled in 609ms (768 modules)
 ✓ Compiled in 296ms (764 modules)
 ✓ Compiled /quiz/question-6 in 248ms (287 modules)
 ✓ Compiled in 1522ms (745 modules)
 ✓ Compiled in 272ms (745 modules)
 ✓ Compiled in 1306ms (745 modules)
 ✓ Compiled in 956ms (745 modules)
 ✓ Compiled in 717ms (741 modules)
 ✓ Compiled in 403ms (741 modules)
 ✓ Compiled /quiz/question-8 in 75ms (264 modules)
 ○ Compiling /results ...
 ✓ Compiled /results in 1026ms (474 modules)
 ✓ Compiled in 3.7s (947 modules)
 ⨯ upstream image response failed for /images/results-abbeydelraysouth.jpg ResponseAborted
    at Object.fetch (node:internal/deps/undici/undici:11730:11)
    at async globalThis.fetch (webpack-internal:///(rsc)/./node_modules/next/dist/server/lib/patch-fetch.js:193:16)
    at async invokeRequest (/Users/lu/Cursor Ai Projects/lifespace-quiz/node_modules/next/dist/server/lib/server-ipc/invoke-request.js:17:12)
    at async /Users/lu/Cursor Ai Projects/lifespace-quiz/node_modules/next/dist/server/next-server.js:596:35
    at async imageOptimizer (/Users/lu/Cursor Ai Projects/lifespace-quiz/node_modules/next/dist/server/image-optimizer.js:576:13)
    at async cacheEntry.imageResponseCache.get.incrementalCache (/Users/lu/Cursor Ai Projects/lifespace-quiz/node_modules/next/dist/server/next-server.js:176:65)
    at async /Users/lu/Cursor Ai Projects/lifespace-quiz/node_modules/next/dist/server/response-cache/index.js:90:36
    at async /Users/lu/Cursor Ai Projects/lifespace-quiz/node_modules/next/dist/lib/batcher.js:41:32
ImageError: "url" parameter is valid but upstream response is invalid
    at imageOptimizer (/Users/lu/Cursor Ai Projects/lifespace-quiz/node_modules/next/dist/server/image-optimizer.js:588:19)
    at async cacheEntry.imageResponseCache.get.incrementalCache (/Users/lu/Cursor Ai Projects/lifespace-quiz/node_modules/next/dist/server/next-server.js:176:65)
    at async /Users/lu/Cursor Ai Projects/lifespace-quiz/node_modules/next/dist/server/response-cache/index.js:90:36
    at async /Users/lu/Cursor Ai Projects/lifespace-quiz/node_modules/next/dist/lib/batcher.js:41:32 {
  statusCode: 500
}
 ✓ Compiled in 2.3s (947 modules)
 ✓ Compiled in 497ms (947 modules)
 ✓ Compiled in 3.1s (947 modules)
 ✓ Compiled in 3.3s (947 modules)
 ✓ Compiled in 557ms (947 modules)
 ✓ Compiled in 313ms (947 modules)
 ○ Compiling / ...
 ✓ Compiled / in 584ms (482 modules)
 ○ Compiling /find-community ...
 ✓ Compiled /find-community in 1587ms (485 modules)
 ✓ Compiled in 397ms (962 modules)
 ✓ Compiled in 458ms (962 modules)
 ○ Compiling /quiz/question-1 ...
 ✓ Compiled /quiz/question-1 in 2.1s (482 modules)
 ○ Compiling /quiz/question-2 ...
 ✓ Compiled /quiz/question-2 in 3.8s (482 modules)
 ✓ Compiled /quiz/question-3 in 91ms (486 modules)
 ✓ Compiled /quiz/question-4 in 131ms (482 modules)
 ○ Compiling /quiz/question-5 ...
 ✓ Compiled /quiz/question-5 in 1779ms (486 modules)
 ✓ Compiled /quiz/question-6 in 397ms (490 modules)
 ○ Compiling /quiz/question-7 ...
 ✓ Compiled /quiz/question-7 in 805ms (494 modules)
 ✓ Compiled /quiz/question-8 in 343ms (498 modules)
 ✓ Compiled in 945ms (481 modules)
 ✓ Compiled in 7.4s (947 modules)
 ✓ Compiled in 3s (947 modules)
 ✓ Compiled in 1549ms (947 modules)
 ○ Compiling / ...
 ✓ Compiled / in 3.7s (482 modules)
 ○ Compiling /find-community ...
 ✓ Compiled /find-community in 1317ms (485 modules)
 ○ Compiling /quiz/question-1 ...
 ✓ Compiled /quiz/question-1 in 3.4s (489 modules)
 ○ Compiling /quiz/question-2 ...
 ✓ Compiled /quiz/question-2 in 1752ms (493 modules)
 ○ Compiling /not-found ...
 ✓ Compiled /not-found in 2s (968 modules)
[?25h
